Log file open, 11/16/21 12:40:22
LogInit: Display: Running engine for game: unshooter1
LogInit: Display: Project file not found: ../../../unshooter1/unshooter1.uproject
LogInit: Display: 	Attempting to find via project info helper.
LogUProjectInfo: Found projects:
LogPakFile: Display: Found Pak file ../../../unshooter1/Content/Paks/unshooter1-WindowsNoEditor.pak attempting to mount.
LogPakFile: Display: Mounting pak file ../../../unshooter1/Content/Paks/unshooter1-WindowsNoEditor.pak.
LogPlatformFile: Not using cached read wrapper
LogTaskGraph: Started task graph with 5 named threads and 23 total threads with 3 sets of task threads.
LogStats: Stats thread started at 0.127674
LogD3D11RHI: Loaded GFSDK_Aftermath_Lib.x64.dll
LogICUInternationalization: ICU TimeZone Detection - Raw Offset: -3:00, Platform Override: ''
LogPluginManager: Mounting plugin Paper2D
LogPluginManager: Mounting plugin AISupport
LogPluginManager: Mounting plugin LightPropagationVolume
LogPluginManager: Mounting plugin AnimationSharing
LogPluginManager: Mounting plugin SignificanceManager
LogPluginManager: Mounting plugin UObjectPlugin
LogPluginManager: Mounting plugin AssetManagerEditor
LogPluginManager: Mounting plugin FacialAnimation
LogPluginManager: Mounting plugin GeometryMode
LogPluginManager: Mounting plugin DatasmithContent
LogPluginManager: Mounting plugin VariantManagerContent
LogPluginManager: Mounting plugin AlembicImporter
LogPluginManager: Mounting plugin GeometryCache
LogPluginManager: Mounting plugin AutomationUtils
LogPluginManager: Mounting plugin ScreenshotTools
LogPluginManager: Mounting plugin BackChannel
LogPluginManager: Mounting plugin ChaosClothEditor
LogPluginManager: Mounting plugin ChaosCloth
LogPluginManager: Mounting plugin ChaosEditor
LogPluginManager: Mounting plugin PlanarCut
LogPluginManager: Mounting plugin GeometryProcessing
LogPluginManager: Mounting plugin EditableMesh
LogPluginManager: Mounting plugin GeometryCollectionPlugin
LogPluginManager: Mounting plugin ProceduralMeshComponent
LogPluginManager: Mounting plugin ChaosSolverPlugin
LogPluginManager: Mounting plugin ChaosNiagara
LogPluginManager: Mounting plugin Niagara
LogPluginManager: Mounting plugin CharacterAI
LogPluginManager: Mounting plugin PlatformCrypto
LogPluginManager: Mounting plugin MagicLeapPassableWorld
LogPluginManager: Mounting plugin MagicLeap
LogPluginManager: Mounting plugin MLSDK
LogPluginManager: Mounting plugin MagicLeapLightEstimation
LogPluginManager: Mounting plugin AvfMedia
LogPluginManager: Mounting plugin ImgMedia
LogPluginManager: Mounting plugin MediaCompositing
LogPluginManager: Mounting plugin WmfMedia
LogPluginManager: Mounting plugin MeshPainting
LogPluginManager: Mounting plugin TcpMessaging
LogPluginManager: Mounting plugin UdpMessaging
LogPluginManager: Mounting plugin ActorSequence
LogPluginManager: Mounting plugin LevelSequenceEditor
LogPluginManager: Mounting plugin MatineeToLevelSequence
LogPluginManager: Mounting plugin TemplateSequence
LogPluginManager: Mounting plugin MovieRenderPipeline
LogPluginManager: Mounting plugin EditorScriptingUtilities
LogPluginManager: Mounting plugin NetcodeUnitTest
LogPluginManager: Mounting plugin OnlineSubsystemNull
LogPluginManager: Mounting plugin OnlineSubsystem
LogPluginManager: Mounting plugin OnlineSubsystemUtils
LogPluginManager: Mounting plugin LauncherChunkInstaller
LogPluginManager: Mounting plugin AndroidPermission
LogPluginManager: Mounting plugin AppleImageUtils
LogPluginManager: Mounting plugin ArchVisCharacter
LogPluginManager: Mounting plugin AssetTags
LogPluginManager: Mounting plugin AudioCapture
LogPluginManager: Mounting plugin CableComponent
LogPluginManager: Mounting plugin CustomMeshComponent
LogPluginManager: Mounting plugin ExampleDeviceProfileSelector
LogPluginManager: Mounting plugin GooglePAD
LogPluginManager: Mounting plugin LocationServicesBPLibrary
LogPluginManager: Mounting plugin MobilePatchingUtils
LogPluginManager: Mounting plugin OculusVR
LogPluginManager: Mounting plugin PhysXVehicles
LogPluginManager: Mounting plugin RuntimePhysXCooking
LogPluginManager: Mounting plugin SoundFields
LogPluginManager: Mounting plugin SteamVR
LogPluginManager: Mounting plugin Synthesis
LogPluginManager: Mounting plugin WebMMoviePlayer
LogPluginManager: Mounting plugin WebMMedia
LogPluginManager: Mounting plugin WindowsMoviePlayer
LogInit: Using libcurl 7.55.1-DEV
LogInit:  - built for x86_64-pc-win32
LogInit:  - supports SSL with OpenSSL/1.1.1
LogInit:  - supports HTTP deflate (compression) using libz 1.2.8
LogInit:  - other features:
LogInit:      CURL_VERSION_SSL
LogInit:      CURL_VERSION_LIBZ
LogInit:      CURL_VERSION_IPV6
LogInit:      CURL_VERSION_ASYNCHDNS
LogInit:      CURL_VERSION_LARGEFILE
LogInit:      CURL_VERSION_IDN
LogInit:  CurlRequestOptions (configurable via config and command line):
LogInit:  - bVerifyPeer = true  - Libcurl will verify peer certificate
LogInit:  - bUseHttpProxy = false  - Libcurl will NOT use HTTP proxy
LogInit:  - bDontReuseConnections = false  - Libcurl will reuse connections
LogInit:  - MaxHostConnections = 16  - Libcurl will limit the number of connections to a host
LogInit:  - LocalHostAddr = Default
LogInit:  - BufferSize = 65536
LogOnline: OSS: Creating online subsystem instance for: NULL
LogInit: WinSock: version 1.1 (2.2), MaxSocks=32767, MaxUdp=65467
LogOnline: OSS: TryLoadSubsystemAndSetDefault: Loaded subsystem for module [NULL]
LogInit: Build: ++UE4+Release-4.25-CL-14469661
LogInit: Engine Version: 4.25.4-14469661+++UE4+Release-4.25
LogInit: Compatible Engine Version: 4.25.0-13144385+++UE4+Release-4.25
LogInit: Net CL: 13144385
LogInit: OS: Windows 10 (Release 1909) (), CPU: Intel(R) Core(TM) i7-7700 CPU @ 3.60GHz, GPU: Radeon RX 560 Series
LogInit: Compiled (64-bit): Oct 11 2020 08:22:12
LogInit: Compiled with Visual C++: 19.16.27032.01
LogInit: Build Configuration: Development
LogInit: Branch Name: ++UE4+Release-4.25
LogInit: Command Line: 
LogInit: Base Directory: E:/Carpetas pesadas/proyectos en unreal engine/proyectocompilado2unshooter1/WindowsNoEditor/Engine/Binaries/Win64/
LogInit: Allocator: binned2
LogInit: Installed Engine Build: 0
LogDevObjectVersion: Number of dev versions registered: 26
LogDevObjectVersion:   Dev-Blueprints (B0D832E4-1F89-4F0D-ACCF-7EB736FD4AA2): 10
LogDevObjectVersion:   Dev-Build (E1C64328-A22C-4D53-A36C-8E866417BD8C): 0
LogDevObjectVersion:   Dev-Core (375EC13C-06E4-48FB-B500-84F0262A717E): 4
LogDevObjectVersion:   Dev-Editor (E4B068ED-F494-42E9-A231-DA0B2E46BB41): 38
LogDevObjectVersion:   Dev-Framework (CFFC743F-43B0-4480-9391-14DF171D2073): 37
LogDevObjectVersion:   Dev-Mobile (B02B49B5-BB20-44E9-A304-32B752E40360): 2
LogDevObjectVersion:   Dev-Networking (A4E4105C-59A1-49B5-A7C5-40C4547EDFEE): 0
LogDevObjectVersion:   Dev-Online (39C831C9-5AE6-47DC-9A44-9C173E1C8E7C): 0
LogDevObjectVersion:   Dev-Physics (78F01B33-EBEA-4F98-B9B4-84EACCB95AA2): 4
LogDevObjectVersion:   Dev-Platform (6631380F-2D4D-43E0-8009-CF276956A95A): 0
LogDevObjectVersion:   Dev-Rendering (12F88B9F-8875-4AFC-A67C-D90C383ABD29): 43
LogDevObjectVersion:   Dev-Sequencer (7B5AE74C-D270-4C10-A958-57980B212A5A): 12
LogDevObjectVersion:   Dev-VR (D7296918-1DD6-4BDD-9DE2-64A83CC13884): 3
LogDevObjectVersion:   Dev-LoadTimes (C2A15278-BFE7-4AFE-6C17-90FF531DF755): 1
LogDevObjectVersion:   Private-Geometry (6EACA3D4-40EC-4CC1-B786-8BED09428FC5): 3
LogDevObjectVersion:   Dev-AnimPhys (29E575DD-E0A3-4627-9D10-D276232CDCEA): 17
LogDevObjectVersion:   Dev-Anim (AF43A65D-7FD3-4947-9873-3E8ED9C1BB05): 7
LogDevObjectVersion:   Dev-ReflectionCapture (6B266CEC-1EC7-4B8F-A30B-E4D90942FC07): 1
LogDevObjectVersion:   Dev-Automation (0DF73D61-A23F-47EA-B727-89E90C41499A): 1
LogDevObjectVersion:   FortniteMain (601D1886-AC64-4F84-AA16-D3DE0DEAC7D6): 31
LogDevObjectVersion:   Dev-Enterprise (9DFFBCD6-494F-0158-E221-12823C92A888): 10
LogDevObjectVersion:   Dev-Niagara (F2AED0AC-9AFE-416F-8664-AA7FFA26D6FC): 1
LogDevObjectVersion:   Dev-Destruction (174F1F0B-B4C6-45A5-B13F-2EE8D0FB917D): 10
LogDevObjectVersion:   Dev-Physics-Ext (35F94A83-E258-406C-A318-09F59610247C): 37
LogDevObjectVersion:   Dev-PhysicsMaterial-Chaos (B68FC16E-8B1B-42E2-B453-215C058844FE): 1
LogDevObjectVersion:   Dev-CineCamera (B2E18506-4273-CFC2-A54E-F4BB758BBA07): 1
LogInit: Presizing for max 2097152 objects, including 1 objects not considered by GC, pre-allocating 0 bytes for permanent pool.
LogConfig: Applying CVar settings from Section [/Script/Engine.StreamingSettings] File [../../../unshooter1/Saved/Config/WindowsNoEditor/Engine.ini]
LogConfig: Setting CVar [[s.MinBulkDataSizeForAsyncLoading:131072]]
LogConfig: Setting CVar [[s.AsyncLoadingThreadEnabled:0]]
LogConfig: Setting CVar [[s.EventDrivenLoaderEnabled:1]]
LogConfig: Setting CVar [[s.WarnIfTimeLimitExceeded:0]]
LogConfig: Setting CVar [[s.TimeLimitExceededMultiplier:1.5]]
LogConfig: Setting CVar [[s.TimeLimitExceededMinTime:0.005]]
LogConfig: Setting CVar [[s.UseBackgroundLevelStreaming:1]]
LogConfig: Setting CVar [[s.PriorityAsyncLoadingExtraTime:15.0]]
LogConfig: Setting CVar [[s.LevelStreamingActorsUpdateTimeLimit:5.0]]
LogConfig: Setting CVar [[s.PriorityLevelStreamingActorsUpdateExtraTime:5.0]]
LogConfig: Setting CVar [[s.LevelStreamingComponentsRegistrationGranularity:10]]
LogConfig: Setting CVar [[s.UnregisterComponentsTimeLimit:1.0]]
LogConfig: Setting CVar [[s.LevelStreamingComponentsUnregistrationGranularity:5]]
LogConfig: Setting CVar [[s.FlushStreamingOnExit:1]]
LogStreaming: Display: Async Loading initialized: Event Driven Loader: true, Async Loading Thread: false, Async Post Load: true
LogInit: Object subsystem initialized
LogConfig: Setting CVar [[con.DebugEarlyDefault:1]]
LogConfig: Setting CVar [[r.setres:1280x720]]
LogConfig: Setting CVar [[fx.NiagaraAllowRuntimeScalabilityChanges:1]]
[2021.11.16-15.40.22:651][  0]LogConfig: Setting CVar [[con.DebugEarlyDefault:1]]
[2021.11.16-15.40.22:651][  0]LogConfig: Setting CVar [[r.setres:1280x720]]
[2021.11.16-15.40.22:651][  0]LogConfig: Setting CVar [[fx.NiagaraAllowRuntimeScalabilityChanges:1]]
[2021.11.16-15.40.22:651][  0]LogConfig: Applying CVar settings from Section [/Script/Engine.RendererSettings] File [../../../unshooter1/Saved/Config/WindowsNoEditor/Engine.ini]
[2021.11.16-15.40.22:651][  0]LogConfig: Setting CVar [[r.GPUCrashDebugging:0]]
[2021.11.16-15.40.22:651][  0]LogConfig: Applying CVar settings from Section [/Script/Engine.RendererOverrideSettings] File [../../../unshooter1/Saved/Config/WindowsNoEditor/Engine.ini]
[2021.11.16-15.40.22:652][  0]LogConfig: Applying CVar settings from Section [/Script/Engine.StreamingSettings] File [../../../unshooter1/Saved/Config/WindowsNoEditor/Engine.ini]
[2021.11.16-15.40.22:652][  0]LogConfig: Setting CVar [[s.MinBulkDataSizeForAsyncLoading:131072]]
[2021.11.16-15.40.22:652][  0]LogConfig: Setting CVar [[s.AsyncLoadingThreadEnabled:0]]
[2021.11.16-15.40.22:652][  0]LogConfig: Setting CVar [[s.EventDrivenLoaderEnabled:1]]
[2021.11.16-15.40.22:652][  0]LogConfig: Setting CVar [[s.WarnIfTimeLimitExceeded:0]]
[2021.11.16-15.40.22:652][  0]LogConfig: Setting CVar [[s.TimeLimitExceededMultiplier:1.5]]
[2021.11.16-15.40.22:652][  0]LogConfig: Setting CVar [[s.TimeLimitExceededMinTime:0.005]]
[2021.11.16-15.40.22:652][  0]LogConfig: Setting CVar [[s.UseBackgroundLevelStreaming:1]]
[2021.11.16-15.40.22:652][  0]LogConfig: Setting CVar [[s.PriorityAsyncLoadingExtraTime:15.0]]
[2021.11.16-15.40.22:652][  0]LogConfig: Setting CVar [[s.LevelStreamingActorsUpdateTimeLimit:5.0]]
[2021.11.16-15.40.22:652][  0]LogConfig: Setting CVar [[s.PriorityLevelStreamingActorsUpdateExtraTime:5.0]]
[2021.11.16-15.40.22:652][  0]LogConfig: Setting CVar [[s.LevelStreamingComponentsRegistrationGranularity:10]]
[2021.11.16-15.40.22:652][  0]LogConfig: Setting CVar [[s.UnregisterComponentsTimeLimit:1.0]]
[2021.11.16-15.40.22:652][  0]LogConfig: Setting CVar [[s.LevelStreamingComponentsUnregistrationGranularity:5]]
[2021.11.16-15.40.22:652][  0]LogConfig: Setting CVar [[s.FlushStreamingOnExit:1]]
[2021.11.16-15.40.22:652][  0]LogConfig: Applying CVar settings from Section [/Script/Engine.GarbageCollectionSettings] File [../../../unshooter1/Saved/Config/WindowsNoEditor/Engine.ini]
[2021.11.16-15.40.22:652][  0]LogConfig: Setting CVar [[gc.MaxObjectsNotConsideredByGC:1]]
[2021.11.16-15.40.22:652][  0]LogConfig: Setting CVar [[gc.SizeOfPermanentObjectPool:0]]
[2021.11.16-15.40.22:652][  0]LogConfig: Setting CVar [[gc.FlushStreamingOnGC:0]]
[2021.11.16-15.40.22:652][  0]LogConfig: Setting CVar [[gc.NumRetriesBeforeForcingGC:10]]
[2021.11.16-15.40.22:652][  0]LogConfig: Setting CVar [[gc.AllowParallelGC:1]]
[2021.11.16-15.40.22:652][  0]LogConfig: Setting CVar [[gc.TimeBetweenPurgingPendingKillObjects:61.1]]
[2021.11.16-15.40.22:652][  0]LogConfig: Setting CVar [[gc.MaxObjectsInEditor:25165824]]
[2021.11.16-15.40.22:652][  0]LogConfig: Setting CVar [[gc.IncrementalBeginDestroyEnabled:1]]
[2021.11.16-15.40.22:652][  0]LogConfig: Setting CVar [[gc.CreateGCClusters:1]]
[2021.11.16-15.40.22:652][  0]LogConfig: Setting CVar [[gc.MinGCClusterSize:5]]
[2021.11.16-15.40.22:652][  0]LogConfig: Setting CVar [[gc.ActorClusteringEnabled:0]]
[2021.11.16-15.40.22:652][  0]LogConfig: Setting CVar [[gc.BlueprintClusteringEnabled:0]]
[2021.11.16-15.40.22:652][  0]LogConfig: Setting CVar [[gc.UseDisregardForGCOnDedicatedServers:0]]
[2021.11.16-15.40.22:653][  0]LogConfig: Applying CVar settings from Section [/Script/Engine.NetworkSettings] File [../../../unshooter1/Saved/Config/WindowsNoEditor/Engine.ini]
[2021.11.16-15.40.22:661][  0]LogConfig: Applying CVar settings from Section [ViewDistanceQuality@3] File [../../../unshooter1/Saved/Config/WindowsNoEditor/Scalability.ini]
[2021.11.16-15.40.22:661][  0]LogConfig: Setting CVar [[r.SkeletalMeshLODBias:0]]
[2021.11.16-15.40.22:661][  0]LogConfig: Setting CVar [[r.ViewDistanceScale:1.0]]
[2021.11.16-15.40.22:661][  0]LogConfig: Applying CVar settings from Section [AntiAliasingQuality@3] File [../../../unshooter1/Saved/Config/WindowsNoEditor/Scalability.ini]
[2021.11.16-15.40.22:661][  0]LogConfig: Setting CVar [[r.PostProcessAAQuality:4]]
[2021.11.16-15.40.22:661][  0]LogConfig: Applying CVar settings from Section [ShadowQuality@3] File [../../../unshooter1/Saved/Config/WindowsNoEditor/Scalability.ini]
[2021.11.16-15.40.22:661][  0]LogConfig: Setting CVar [[r.LightFunctionQuality:1]]
[2021.11.16-15.40.22:661][  0]LogConfig: Setting CVar [[r.ShadowQuality:5]]
[2021.11.16-15.40.22:661][  0]LogConfig: Setting CVar [[r.Shadow.CSM.MaxCascades:10]]
[2021.11.16-15.40.22:661][  0]LogConfig: Setting CVar [[r.Shadow.MaxResolution:2048]]
[2021.11.16-15.40.22:661][  0]LogConfig: Setting CVar [[r.Shadow.MaxCSMResolution:2048]]
[2021.11.16-15.40.22:661][  0]LogConfig: Setting CVar [[r.Shadow.RadiusThreshold:0.01]]
[2021.11.16-15.40.22:661][  0]LogConfig: Setting CVar [[r.Shadow.DistanceScale:1.0]]
[2021.11.16-15.40.22:661][  0]LogConfig: Setting CVar [[r.Shadow.CSM.TransitionScale:1.0]]
[2021.11.16-15.40.22:661][  0]LogConfig: Setting CVar [[r.Shadow.PreShadowResolutionFactor:1.0]]
[2021.11.16-15.40.22:661][  0]LogConfig: Setting CVar [[r.DistanceFieldShadowing:1]]
[2021.11.16-15.40.22:662][  0]LogConfig: Setting CVar [[r.DistanceFieldAO:1]]
[2021.11.16-15.40.22:662][  0]LogConfig: Setting CVar [[r.AOQuality:2]]
[2021.11.16-15.40.22:662][  0]LogConfig: Setting CVar [[r.VolumetricFog:1]]
[2021.11.16-15.40.22:662][  0]LogConfig: Setting CVar [[r.VolumetricFog.GridPixelSize:8]]
[2021.11.16-15.40.22:662][  0]LogConfig: Setting CVar [[r.VolumetricFog.GridSizeZ:128]]
[2021.11.16-15.40.22:662][  0]LogConfig: Setting CVar [[r.VolumetricFog.HistoryMissSupersampleCount:4]]
[2021.11.16-15.40.22:662][  0]LogConfig: Setting CVar [[r.LightMaxDrawDistanceScale:1]]
[2021.11.16-15.40.22:662][  0]LogConfig: Setting CVar [[r.CapsuleShadows:1]]
[2021.11.16-15.40.22:662][  0]LogConfig: Applying CVar settings from Section [PostProcessQuality@3] File [../../../unshooter1/Saved/Config/WindowsNoEditor/Scalability.ini]
[2021.11.16-15.40.22:662][  0]LogConfig: Setting CVar [[r.MotionBlurQuality:4]]
[2021.11.16-15.40.22:662][  0]LogConfig: Setting CVar [[r.AmbientOcclusionMipLevelFactor:0.4]]
[2021.11.16-15.40.22:662][  0]LogConfig: Setting CVar [[r.AmbientOcclusionMaxQuality:100]]
[2021.11.16-15.40.22:662][  0]LogConfig: Setting CVar [[r.AmbientOcclusionLevels:-1]]
[2021.11.16-15.40.22:662][  0]LogConfig: Setting CVar [[r.AmbientOcclusionRadiusScale:1.0]]
[2021.11.16-15.40.22:662][  0]LogConfig: Setting CVar [[r.DepthOfFieldQuality:2]]
[2021.11.16-15.40.22:662][  0]LogConfig: Setting CVar [[r.RenderTargetPoolMin:400]]
[2021.11.16-15.40.22:662][  0]LogConfig: Setting CVar [[r.LensFlareQuality:2]]
[2021.11.16-15.40.22:662][  0]LogConfig: Setting CVar [[r.SceneColorFringeQuality:1]]
[2021.11.16-15.40.22:662][  0]LogConfig: Setting CVar [[r.EyeAdaptationQuality:2]]
[2021.11.16-15.40.22:662][  0]LogConfig: Setting CVar [[r.BloomQuality:5]]
[2021.11.16-15.40.22:662][  0]LogConfig: Setting CVar [[r.FastBlurThreshold:100]]
[2021.11.16-15.40.22:662][  0]LogConfig: Setting CVar [[r.Upscale.Quality:3]]
[2021.11.16-15.40.22:662][  0]LogConfig: Setting CVar [[r.Tonemapper.GrainQuantization:1]]
[2021.11.16-15.40.22:662][  0]LogConfig: Setting CVar [[r.LightShaftQuality:1]]
[2021.11.16-15.40.22:662][  0]LogConfig: Setting CVar [[r.Filter.SizeScale:1]]
[2021.11.16-15.40.22:662][  0]LogConfig: Setting CVar [[r.Tonemapper.Quality:5]]
[2021.11.16-15.40.22:662][  0]LogConfig: Setting CVar [[r.DOF.Gather.AccumulatorQuality:1        ; higher gathering accumulator quality]]
[2021.11.16-15.40.22:662][  0]LogConfig: Setting CVar [[r.DOF.Gather.PostfilterMethod:1          ; Median3x3 postfilering method]]
[2021.11.16-15.40.22:662][  0]LogConfig: Setting CVar [[r.DOF.Gather.EnableBokehSettings:0       ; no bokeh simulation when gathering]]
[2021.11.16-15.40.22:662][  0]LogConfig: Setting CVar [[r.DOF.Gather.RingCount:4                 ; medium number of samples when gathering]]
[2021.11.16-15.40.22:662][  0]LogConfig: Setting CVar [[r.DOF.Scatter.ForegroundCompositing:1    ; additive foreground scattering]]
[2021.11.16-15.40.22:662][  0]LogConfig: Setting CVar [[r.DOF.Scatter.BackgroundCompositing:2    ; additive background scattering]]
[2021.11.16-15.40.22:662][  0]LogConfig: Setting CVar [[r.DOF.Scatter.EnableBokehSettings:1      ; bokeh simulation when scattering]]
[2021.11.16-15.40.22:662][  0]LogConfig: Setting CVar [[r.DOF.Scatter.MaxSpriteRatio:0.1         ; only a maximum of 10% of scattered bokeh]]
[2021.11.16-15.40.22:662][  0]LogConfig: Setting CVar [[r.DOF.Recombine.Quality:1                ; cheap slight out of focus]]
[2021.11.16-15.40.22:662][  0]LogConfig: Setting CVar [[r.DOF.Recombine.EnableBokehSettings:0    ; no bokeh simulation on slight out of focus]]
[2021.11.16-15.40.22:662][  0]LogConfig: Setting CVar [[r.DOF.TemporalAAQuality:1                ; more stable temporal accumulation]]
[2021.11.16-15.40.22:662][  0]LogConfig: Setting CVar [[r.DOF.Kernel.MaxForegroundRadius:0.025]]
[2021.11.16-15.40.22:662][  0]LogConfig: Setting CVar [[r.DOF.Kernel.MaxBackgroundRadius:0.025]]
[2021.11.16-15.40.22:662][  0]LogConfig: Applying CVar settings from Section [TextureQuality@3] File [../../../unshooter1/Saved/Config/WindowsNoEditor/Scalability.ini]
[2021.11.16-15.40.22:662][  0]LogConfig: Setting CVar [[r.Streaming.MipBias:0]]
[2021.11.16-15.40.22:662][  0]LogConfig: Setting CVar [[r.Streaming.AmortizeCPUToGPUCopy:0]]
[2021.11.16-15.40.22:662][  0]LogConfig: Setting CVar [[r.Streaming.MaxNumTexturesToStreamPerFrame:0]]
[2021.11.16-15.40.22:662][  0]LogConfig: Setting CVar [[r.Streaming.Boost:1]]
[2021.11.16-15.40.22:662][  0]LogConfig: Setting CVar [[r.MaxAnisotropy:8]]
[2021.11.16-15.40.22:662][  0]LogConfig: Setting CVar [[r.VT.MaxAnisotropy:8]]
[2021.11.16-15.40.22:662][  0]LogConfig: Setting CVar [[r.Streaming.LimitPoolSizeToVRAM:0]]
[2021.11.16-15.40.22:662][  0]LogConfig: Setting CVar [[r.Streaming.PoolSize:1000]]
[2021.11.16-15.40.22:662][  0]LogConfig: Setting CVar [[r.Streaming.MaxEffectiveScreenSize:0]]
[2021.11.16-15.40.22:662][  0]LogConfig: Applying CVar settings from Section [EffectsQuality@3] File [../../../unshooter1/Saved/Config/WindowsNoEditor/Scalability.ini]
[2021.11.16-15.40.22:662][  0]LogConfig: Setting CVar [[r.TranslucencyLightingVolumeDim:64]]
[2021.11.16-15.40.22:662][  0]LogConfig: Setting CVar [[r.RefractionQuality:2]]
[2021.11.16-15.40.22:662][  0]LogConfig: Setting CVar [[r.SSR.Quality:3]]
[2021.11.16-15.40.22:662][  0]LogConfig: Setting CVar [[r.SSR.HalfResSceneColor:0]]
[2021.11.16-15.40.22:662][  0]LogConfig: Setting CVar [[r.SceneColorFormat:4]]
[2021.11.16-15.40.22:662][  0]LogConfig: Setting CVar [[r.DetailMode:2]]
[2021.11.16-15.40.22:662][  0]LogConfig: Setting CVar [[r.TranslucencyVolumeBlur:1]]
[2021.11.16-15.40.22:662][  0]LogConfig: Setting CVar [[r.MaterialQualityLevel:1 ; High quality]]
[2021.11.16-15.40.22:662][  0]LogConfig: Setting CVar [[r.SSS.Scale:1]]
[2021.11.16-15.40.22:663][  0]LogConfig: Setting CVar [[r.SSS.SampleSet:2]]
[2021.11.16-15.40.22:663][  0]LogConfig: Setting CVar [[r.SSS.Quality:1]]
[2021.11.16-15.40.22:663][  0]LogConfig: Setting CVar [[r.SSS.HalfRes:0]]
[2021.11.16-15.40.22:663][  0]LogConfig: Setting CVar [[r.SSGI.Quality:3]]
[2021.11.16-15.40.22:663][  0]LogConfig: Setting CVar [[r.EmitterSpawnRateScale:1.0]]
[2021.11.16-15.40.22:663][  0]LogConfig: Setting CVar [[r.ParticleLightQuality:2]]
[2021.11.16-15.40.22:663][  0]LogConfig: Setting CVar [[r.SkyAtmosphere.AerialPerspectiveLUT.FastApplyOnOpaque:1 ; Always have FastSkyLUT 1 in this case to avoid wrong sky]]
[2021.11.16-15.40.22:663][  0]LogConfig: Setting CVar [[r.SkyAtmosphere.AerialPerspectiveLUT.SampleCountPerSlice:1]]
[2021.11.16-15.40.22:663][  0]LogConfig: Setting CVar [[r.SkyAtmosphere.AerialPerspectiveLUT.DepthResolution:16.0]]
[2021.11.16-15.40.22:663][  0]LogConfig: Setting CVar [[r.SkyAtmosphere.FastSkyLUT:1]]
[2021.11.16-15.40.22:663][  0]LogConfig: Setting CVar [[r.SkyAtmosphere.FastSkyLUT.SampleCountMin:4.0]]
[2021.11.16-15.40.22:663][  0]LogConfig: Setting CVar [[r.SkyAtmosphere.FastSkyLUT.SampleCountMax:32.0]]
[2021.11.16-15.40.22:663][  0]LogConfig: Setting CVar [[r.SkyAtmosphere.SampleCountMin:4.0]]
[2021.11.16-15.40.22:663][  0]LogConfig: Setting CVar [[r.SkyAtmosphere.SampleCountMax:32.0]]
[2021.11.16-15.40.22:663][  0]LogConfig: Setting CVar [[r.SkyAtmosphere.TransmittanceLUT.UseSmallFormat:0]]
[2021.11.16-15.40.22:663][  0]LogConfig: Setting CVar [[r.SkyAtmosphere.TransmittanceLUT.SampleCount:10.0]]
[2021.11.16-15.40.22:663][  0]LogConfig: Setting CVar [[r.SkyAtmosphere.MultiScatteringLUT.SampleCount:15.0]]
[2021.11.16-15.40.22:663][  0]LogConfig: Setting CVar [[fx.Niagara.QualityLevel:3]]
[2021.11.16-15.40.22:663][  0]LogConfig: Applying CVar settings from Section [FoliageQuality@3] File [../../../unshooter1/Saved/Config/WindowsNoEditor/Scalability.ini]
[2021.11.16-15.40.22:663][  0]LogConfig: Setting CVar [[foliage.DensityScale:1.0]]
[2021.11.16-15.40.22:663][  0]LogConfig: Setting CVar [[grass.DensityScale:1.0]]
[2021.11.16-15.40.22:663][  0]LogConfig: Applying CVar settings from Section [ShadingQuality@3] File [../../../unshooter1/Saved/Config/WindowsNoEditor/Scalability.ini]
[2021.11.16-15.40.22:663][  0]LogConfig: Setting CVar [[r.HairStrands.SkyLighting.SampleCount:16]]
[2021.11.16-15.40.22:663][  0]LogConfig: Setting CVar [[r.HairStrands.SkyLighting.JitterIntegration:0]]
[2021.11.16-15.40.22:663][  0]LogConfig: Setting CVar [[r.HairStrands.SkyAO.SampleCount:16]]
[2021.11.16-15.40.22:663][  0]LogConfig: Setting CVar [[r.HairStrands.DeepShadow.SuperSampling:0]]
[2021.11.16-15.40.22:663][  0]LogConfig: Setting CVar [[r.HairStrands.VisibilityPPLL:0]]
[2021.11.16-15.40.22:663][  0]LogConfig: Setting CVar [[r.HairStrands.RasterizationScale:0.5]]
[2021.11.16-15.40.22:663][  0]LogConfig: Setting CVar [[r.HairStrands.VelocityRasterizationScale:1]]
[2021.11.16-15.40.22:663][  0]LogInit: Selected Device Profile: [WindowsNoEditor]
[2021.11.16-15.40.22:663][  0]LogInit: Applying CVar settings loaded from the selected device profile: [WindowsNoEditor]
[2021.11.16-15.40.22:663][  0]LogHAL: Display: Platform has ~ 32 GB [34310066176 / 34359738368 / 32], which maps to Largest [LargestMinGB=32, LargerMinGB=12, DefaultMinGB=8, SmallerMinGB=6, SmallestMinGB=0)
[2021.11.16-15.40.22:663][  0]LogInit: Going up to parent DeviceProfile [Windows]
[2021.11.16-15.40.22:663][  0]LogInit: Going up to parent DeviceProfile []
[2021.11.16-15.40.22:663][  0]LogConfig: Applying CVar settings from Section [ViewDistanceQuality@3] File [../../../unshooter1/Saved/Config/WindowsNoEditor/Scalability.ini]
[2021.11.16-15.40.22:663][  0]LogConfig: Setting CVar [[r.SkeletalMeshLODBias:0]]
[2021.11.16-15.40.22:663][  0]LogConfig: Setting CVar [[r.ViewDistanceScale:1.0]]
[2021.11.16-15.40.22:663][  0]LogConfig: Applying CVar settings from Section [AntiAliasingQuality@3] File [../../../unshooter1/Saved/Config/WindowsNoEditor/Scalability.ini]
[2021.11.16-15.40.22:663][  0]LogConfig: Setting CVar [[r.PostProcessAAQuality:4]]
[2021.11.16-15.40.22:663][  0]LogConfig: Applying CVar settings from Section [ShadowQuality@3] File [../../../unshooter1/Saved/Config/WindowsNoEditor/Scalability.ini]
[2021.11.16-15.40.22:663][  0]LogConfig: Setting CVar [[r.LightFunctionQuality:1]]
[2021.11.16-15.40.22:663][  0]LogConfig: Setting CVar [[r.ShadowQuality:5]]
[2021.11.16-15.40.22:663][  0]LogConfig: Setting CVar [[r.Shadow.CSM.MaxCascades:10]]
[2021.11.16-15.40.22:663][  0]LogConfig: Setting CVar [[r.Shadow.MaxResolution:2048]]
[2021.11.16-15.40.22:663][  0]LogConfig: Setting CVar [[r.Shadow.MaxCSMResolution:2048]]
[2021.11.16-15.40.22:663][  0]LogConfig: Setting CVar [[r.Shadow.RadiusThreshold:0.01]]
[2021.11.16-15.40.22:663][  0]LogConfig: Setting CVar [[r.Shadow.DistanceScale:1.0]]
[2021.11.16-15.40.22:663][  0]LogConfig: Setting CVar [[r.Shadow.CSM.TransitionScale:1.0]]
[2021.11.16-15.40.22:663][  0]LogConfig: Setting CVar [[r.Shadow.PreShadowResolutionFactor:1.0]]
[2021.11.16-15.40.22:663][  0]LogConfig: Setting CVar [[r.DistanceFieldShadowing:1]]
[2021.11.16-15.40.22:663][  0]LogConfig: Setting CVar [[r.DistanceFieldAO:1]]
[2021.11.16-15.40.22:664][  0]LogConfig: Setting CVar [[r.AOQuality:2]]
[2021.11.16-15.40.22:664][  0]LogConfig: Setting CVar [[r.VolumetricFog:1]]
[2021.11.16-15.40.22:664][  0]LogConfig: Setting CVar [[r.VolumetricFog.GridPixelSize:8]]
[2021.11.16-15.40.22:664][  0]LogConfig: Setting CVar [[r.VolumetricFog.GridSizeZ:128]]
[2021.11.16-15.40.22:664][  0]LogConfig: Setting CVar [[r.VolumetricFog.HistoryMissSupersampleCount:4]]
[2021.11.16-15.40.22:664][  0]LogConfig: Setting CVar [[r.LightMaxDrawDistanceScale:1]]
[2021.11.16-15.40.22:664][  0]LogConfig: Setting CVar [[r.CapsuleShadows:1]]
[2021.11.16-15.40.22:664][  0]LogConfig: Applying CVar settings from Section [PostProcessQuality@3] File [../../../unshooter1/Saved/Config/WindowsNoEditor/Scalability.ini]
[2021.11.16-15.40.22:664][  0]LogConfig: Setting CVar [[r.MotionBlurQuality:4]]
[2021.11.16-15.40.22:664][  0]LogConfig: Setting CVar [[r.AmbientOcclusionMipLevelFactor:0.4]]
[2021.11.16-15.40.22:664][  0]LogConfig: Setting CVar [[r.AmbientOcclusionMaxQuality:100]]
[2021.11.16-15.40.22:664][  0]LogConfig: Setting CVar [[r.AmbientOcclusionLevels:-1]]
[2021.11.16-15.40.22:664][  0]LogConfig: Setting CVar [[r.AmbientOcclusionRadiusScale:1.0]]
[2021.11.16-15.40.22:664][  0]LogConfig: Setting CVar [[r.DepthOfFieldQuality:2]]
[2021.11.16-15.40.22:664][  0]LogConfig: Setting CVar [[r.RenderTargetPoolMin:400]]
[2021.11.16-15.40.22:664][  0]LogConfig: Setting CVar [[r.LensFlareQuality:2]]
[2021.11.16-15.40.22:664][  0]LogConfig: Setting CVar [[r.SceneColorFringeQuality:1]]
[2021.11.16-15.40.22:664][  0]LogConfig: Setting CVar [[r.EyeAdaptationQuality:2]]
[2021.11.16-15.40.22:664][  0]LogConfig: Setting CVar [[r.BloomQuality:5]]
[2021.11.16-15.40.22:664][  0]LogConfig: Setting CVar [[r.FastBlurThreshold:100]]
[2021.11.16-15.40.22:664][  0]LogConfig: Setting CVar [[r.Upscale.Quality:3]]
[2021.11.16-15.40.22:664][  0]LogConfig: Setting CVar [[r.Tonemapper.GrainQuantization:1]]
[2021.11.16-15.40.22:664][  0]LogConfig: Setting CVar [[r.LightShaftQuality:1]]
[2021.11.16-15.40.22:664][  0]LogConfig: Setting CVar [[r.Filter.SizeScale:1]]
[2021.11.16-15.40.22:664][  0]LogConfig: Setting CVar [[r.Tonemapper.Quality:5]]
[2021.11.16-15.40.22:664][  0]LogConfig: Setting CVar [[r.DOF.Gather.AccumulatorQuality:1        ; higher gathering accumulator quality]]
[2021.11.16-15.40.22:664][  0]LogConfig: Setting CVar [[r.DOF.Gather.PostfilterMethod:1          ; Median3x3 postfilering method]]
[2021.11.16-15.40.22:664][  0]LogConfig: Setting CVar [[r.DOF.Gather.EnableBokehSettings:0       ; no bokeh simulation when gathering]]
[2021.11.16-15.40.22:664][  0]LogConfig: Setting CVar [[r.DOF.Gather.RingCount:4                 ; medium number of samples when gathering]]
[2021.11.16-15.40.22:664][  0]LogConfig: Setting CVar [[r.DOF.Scatter.ForegroundCompositing:1    ; additive foreground scattering]]
[2021.11.16-15.40.22:664][  0]LogConfig: Setting CVar [[r.DOF.Scatter.BackgroundCompositing:2    ; additive background scattering]]
[2021.11.16-15.40.22:664][  0]LogConfig: Setting CVar [[r.DOF.Scatter.EnableBokehSettings:1      ; bokeh simulation when scattering]]
[2021.11.16-15.40.22:664][  0]LogConfig: Setting CVar [[r.DOF.Scatter.MaxSpriteRatio:0.1         ; only a maximum of 10% of scattered bokeh]]
[2021.11.16-15.40.22:664][  0]LogConfig: Setting CVar [[r.DOF.Recombine.Quality:1                ; cheap slight out of focus]]
[2021.11.16-15.40.22:664][  0]LogConfig: Setting CVar [[r.DOF.Recombine.EnableBokehSettings:0    ; no bokeh simulation on slight out of focus]]
[2021.11.16-15.40.22:664][  0]LogConfig: Setting CVar [[r.DOF.TemporalAAQuality:1                ; more stable temporal accumulation]]
[2021.11.16-15.40.22:664][  0]LogConfig: Setting CVar [[r.DOF.Kernel.MaxForegroundRadius:0.025]]
[2021.11.16-15.40.22:664][  0]LogConfig: Setting CVar [[r.DOF.Kernel.MaxBackgroundRadius:0.025]]
[2021.11.16-15.40.22:664][  0]LogConfig: Applying CVar settings from Section [TextureQuality@3] File [../../../unshooter1/Saved/Config/WindowsNoEditor/Scalability.ini]
[2021.11.16-15.40.22:664][  0]LogConfig: Setting CVar [[r.Streaming.MipBias:0]]
[2021.11.16-15.40.22:664][  0]LogConfig: Setting CVar [[r.Streaming.AmortizeCPUToGPUCopy:0]]
[2021.11.16-15.40.22:664][  0]LogConfig: Setting CVar [[r.Streaming.MaxNumTexturesToStreamPerFrame:0]]
[2021.11.16-15.40.22:664][  0]LogConfig: Setting CVar [[r.Streaming.Boost:1]]
[2021.11.16-15.40.22:664][  0]LogConfig: Setting CVar [[r.MaxAnisotropy:8]]
[2021.11.16-15.40.22:664][  0]LogConfig: Setting CVar [[r.VT.MaxAnisotropy:8]]
[2021.11.16-15.40.22:664][  0]LogConfig: Setting CVar [[r.Streaming.LimitPoolSizeToVRAM:0]]
[2021.11.16-15.40.22:664][  0]LogConfig: Setting CVar [[r.Streaming.PoolSize:1000]]
[2021.11.16-15.40.22:664][  0]LogConfig: Setting CVar [[r.Streaming.MaxEffectiveScreenSize:0]]
[2021.11.16-15.40.22:664][  0]LogConfig: Applying CVar settings from Section [EffectsQuality@3] File [../../../unshooter1/Saved/Config/WindowsNoEditor/Scalability.ini]
[2021.11.16-15.40.22:664][  0]LogConfig: Setting CVar [[r.TranslucencyLightingVolumeDim:64]]
[2021.11.16-15.40.22:664][  0]LogConfig: Setting CVar [[r.RefractionQuality:2]]
[2021.11.16-15.40.22:664][  0]LogConfig: Setting CVar [[r.SSR.Quality:3]]
[2021.11.16-15.40.22:664][  0]LogConfig: Setting CVar [[r.SSR.HalfResSceneColor:0]]
[2021.11.16-15.40.22:664][  0]LogConfig: Setting CVar [[r.SceneColorFormat:4]]
[2021.11.16-15.40.22:664][  0]LogConfig: Setting CVar [[r.DetailMode:2]]
[2021.11.16-15.40.22:664][  0]LogConfig: Setting CVar [[r.TranslucencyVolumeBlur:1]]
[2021.11.16-15.40.22:664][  0]LogConfig: Setting CVar [[r.MaterialQualityLevel:1 ; High quality]]
[2021.11.16-15.40.22:664][  0]LogConfig: Setting CVar [[r.SSS.Scale:1]]
[2021.11.16-15.40.22:665][  0]LogConfig: Setting CVar [[r.SSS.SampleSet:2]]
[2021.11.16-15.40.22:665][  0]LogConfig: Setting CVar [[r.SSS.Quality:1]]
[2021.11.16-15.40.22:665][  0]LogConfig: Setting CVar [[r.SSS.HalfRes:0]]
[2021.11.16-15.40.22:665][  0]LogConfig: Setting CVar [[r.SSGI.Quality:3]]
[2021.11.16-15.40.22:665][  0]LogConfig: Setting CVar [[r.EmitterSpawnRateScale:1.0]]
[2021.11.16-15.40.22:665][  0]LogConfig: Setting CVar [[r.ParticleLightQuality:2]]
[2021.11.16-15.40.22:665][  0]LogConfig: Setting CVar [[r.SkyAtmosphere.AerialPerspectiveLUT.FastApplyOnOpaque:1 ; Always have FastSkyLUT 1 in this case to avoid wrong sky]]
[2021.11.16-15.40.22:665][  0]LogConfig: Setting CVar [[r.SkyAtmosphere.AerialPerspectiveLUT.SampleCountPerSlice:1]]
[2021.11.16-15.40.22:665][  0]LogConfig: Setting CVar [[r.SkyAtmosphere.AerialPerspectiveLUT.DepthResolution:16.0]]
[2021.11.16-15.40.22:665][  0]LogConfig: Setting CVar [[r.SkyAtmosphere.FastSkyLUT:1]]
[2021.11.16-15.40.22:665][  0]LogConfig: Setting CVar [[r.SkyAtmosphere.FastSkyLUT.SampleCountMin:4.0]]
[2021.11.16-15.40.22:665][  0]LogConfig: Setting CVar [[r.SkyAtmosphere.FastSkyLUT.SampleCountMax:32.0]]
[2021.11.16-15.40.22:665][  0]LogConfig: Setting CVar [[r.SkyAtmosphere.SampleCountMin:4.0]]
[2021.11.16-15.40.22:665][  0]LogConfig: Setting CVar [[r.SkyAtmosphere.SampleCountMax:32.0]]
[2021.11.16-15.40.22:665][  0]LogConfig: Setting CVar [[r.SkyAtmosphere.TransmittanceLUT.UseSmallFormat:0]]
[2021.11.16-15.40.22:665][  0]LogConfig: Setting CVar [[r.SkyAtmosphere.TransmittanceLUT.SampleCount:10.0]]
[2021.11.16-15.40.22:665][  0]LogConfig: Setting CVar [[r.SkyAtmosphere.MultiScatteringLUT.SampleCount:15.0]]
[2021.11.16-15.40.22:665][  0]LogConfig: Setting CVar [[fx.Niagara.QualityLevel:3]]
[2021.11.16-15.40.22:665][  0]LogConfig: Applying CVar settings from Section [FoliageQuality@3] File [../../../unshooter1/Saved/Config/WindowsNoEditor/Scalability.ini]
[2021.11.16-15.40.22:665][  0]LogConfig: Setting CVar [[foliage.DensityScale:1.0]]
[2021.11.16-15.40.22:665][  0]LogConfig: Setting CVar [[grass.DensityScale:1.0]]
[2021.11.16-15.40.22:665][  0]LogConfig: Applying CVar settings from Section [ShadingQuality@3] File [../../../unshooter1/Saved/Config/WindowsNoEditor/Scalability.ini]
[2021.11.16-15.40.22:665][  0]LogConfig: Setting CVar [[r.HairStrands.SkyLighting.SampleCount:16]]
[2021.11.16-15.40.22:666][  0]LogConfig: Setting CVar [[r.HairStrands.SkyLighting.JitterIntegration:0]]
[2021.11.16-15.40.22:666][  0]LogConfig: Setting CVar [[r.HairStrands.SkyAO.SampleCount:16]]
[2021.11.16-15.40.22:666][  0]LogConfig: Setting CVar [[r.HairStrands.DeepShadow.SuperSampling:0]]
[2021.11.16-15.40.22:666][  0]LogConfig: Setting CVar [[r.HairStrands.VisibilityPPLL:0]]
[2021.11.16-15.40.22:666][  0]LogConfig: Setting CVar [[r.HairStrands.RasterizationScale:0.5]]
[2021.11.16-15.40.22:666][  0]LogConfig: Setting CVar [[r.HairStrands.VelocityRasterizationScale:1]]
[2021.11.16-15.40.22:666][  0]LogConfig: Applying CVar settings from Section [Startup] File [../../../Engine/Config/ConsoleVariables.ini]
[2021.11.16-15.40.22:666][  0]LogConfig: Setting CVar [[net.UseAdaptiveNetUpdateFrequency:0]]
[2021.11.16-15.40.22:666][  0]LogConfig: Setting CVar [[p.chaos.AllowCreatePhysxBodies:1]]
[2021.11.16-15.40.22:666][  0]LogConfig: Setting CVar [[fx.SkipVectorVMBackendOptimizations:1]]
[2021.11.16-15.40.22:666][  0]LogConfig: Applying CVar settings from Section [ConsoleVariables] File [../../../unshooter1/Saved/Config/WindowsNoEditor/Engine.ini]
[2021.11.16-15.40.22:666][  0]LogInit: Computer: PC-G-2018
[2021.11.16-15.40.22:666][  0]LogInit: User: Wackgamer
[2021.11.16-15.40.22:666][  0]LogInit: CPU Page size=4096, Cores=4
[2021.11.16-15.40.22:666][  0]LogInit: High frequency timer resolution =10.000000 MHz
[2021.11.16-15.40.22:666][  0]LogMemory: Memory total: Physical=32.0GB (32GB approx)
[2021.11.16-15.40.22:666][  0]LogMemory: Platform Memory Stats for WindowsNoEditor
[2021.11.16-15.40.22:666][  0]LogMemory: Process Physical Memory: 63.94 MB used, 63.95 MB peak
[2021.11.16-15.40.22:666][  0]LogMemory: Process Virtual Memory: 72.08 MB used, 72.08 MB peak
[2021.11.16-15.40.22:666][  0]LogMemory: Physical Memory: 7922.53 MB used,  24798.10 MB free, 32720.63 MB total
[2021.11.16-15.40.22:666][  0]LogMemory: Virtual Memory: 4929.47 MB used,  134212800.00 MB free, 134217728.00 MB total
[2021.11.16-15.40.22:678][  0]LogWindows: WindowsPlatformFeatures enabled
[2021.11.16-15.40.23:230][  0]LogInit: Physics initialised using underlying interface: PhysX
[2021.11.16-15.40.23:231][  0]LogInit: Using OS detected language (es-ES).
[2021.11.16-15.40.23:231][  0]LogInit: Using OS detected locale (es-ES).
[2021.11.16-15.40.23:231][  0]LogTextLocalizationManager: No localization for 'es-ES' exists, so 'en' will be used for the language.
[2021.11.16-15.40.23:231][  0]LogTextLocalizationManager: No localization for 'es-ES' exists, so 'en' will be used for the locale.
[2021.11.16-15.40.23:270][  0]LogSlate: New Slate User Created.  User Index 0, Is Virtual User: 0
[2021.11.16-15.40.23:270][  0]LogSlate: Slate User Registered.  User Index 0, Is Virtual User: 0
[2021.11.16-15.40.23:297][  0]LogHMD: Failed to initialize OpenVR with code 110
[2021.11.16-15.40.23:297][  0]LogD3D11RHI: D3D11 min allowed feature level: 11_0
[2021.11.16-15.40.23:297][  0]LogD3D11RHI: D3D11 max allowed feature level: 11_0
[2021.11.16-15.40.23:297][  0]LogD3D11RHI: D3D11 adapters:
[2021.11.16-15.40.23:354][  0]LogD3D11RHI:    0. 'Radeon RX 560 Series' (Feature Level 11_0)
[2021.11.16-15.40.23:354][  0]LogD3D11RHI:       4075/0/16360 MB DedicatedVideo/DedicatedSystem/SharedSystem, Outputs:2, VendorId:0x1002
[2021.11.16-15.40.23:357][  0]LogD3D11RHI:    1. 'Microsoft Basic Render Driver' (Feature Level 11_0)
[2021.11.16-15.40.23:357][  0]LogD3D11RHI:       0/0/16360 MB DedicatedVideo/DedicatedSystem/SharedSystem, Outputs:0, VendorId:0x1414
[2021.11.16-15.40.23:357][  0]LogD3D11RHI: Chosen D3D11 Adapter: 0
[2021.11.16-15.40.23:365][  0]LogD3D11RHI: Creating new Direct3DDevice
[2021.11.16-15.40.23:365][  0]LogD3D11RHI:     GPU DeviceId: 0x67ff (for the marketing name, search the web for "GPU Device Id")
[2021.11.16-15.40.23:365][  0]LogWindows: EnumDisplayDevices:
[2021.11.16-15.40.23:365][  0]LogWindows:    0. 'Radeon RX 560 Series' (P:0 D:1)
[2021.11.16-15.40.23:366][  0]LogWindows:    1. 'Radeon RX 560 Series' (P:1 D:1)
[2021.11.16-15.40.23:366][  0]LogWindows:    2. 'Radeon RX 560 Series' (P:0 D:0)
[2021.11.16-15.40.23:366][  0]LogWindows:    3. 'Radeon RX 560 Series' (P:0 D:0)
[2021.11.16-15.40.23:367][  0]LogWindows:    4. 'Radeon RX 560 Series' (P:0 D:0)
[2021.11.16-15.40.23:368][  0]LogWindows:    5. 'Radeon RX 560 Series' (P:0 D:0)
[2021.11.16-15.40.23:368][  0]LogWindows: DebugString: FoundDriverCount:6 
[2021.11.16-15.40.23:368][  0]LogD3D11RHI:     Adapter Name: Radeon RX 560 Series
[2021.11.16-15.40.23:368][  0]LogD3D11RHI:   Driver Version: Adrenalin 2020 21.10.2 (internal:30.0.13025.5005, unified:30.0.13025.5005)
[2021.11.16-15.40.23:368][  0]LogD3D11RHI:      Driver Date: 10-5-2021
[2021.11.16-15.40.23:368][  0]LogRHI: Texture pool is 2424 MB (70% of 3464 MB)
[2021.11.16-15.40.23:472][  0]LogD3D11RHI: RHI has support for 64 bit atomics
[2021.11.16-15.40.23:472][  0]LogD3D11RHI: Async texture creation enabled
[2021.11.16-15.40.23:472][  0]LogD3D11RHI: Array index from any shader is supported
[2021.11.16-15.40.23:487][  0]LogD3D11RHI: GPU Timing Frequency: 25.000000 (Debug: 2 1)
[2021.11.16-15.40.23:507][  0]LogShaderLibrary: Display: Using ../../../unshooter1/Content/ShaderArchive-Global-PCD3D_SM5.ushaderbytecode for material shader code. Total 2058 unique shaders.
[2021.11.16-15.40.23:507][  0]LogShaderLibrary: Display: Cooked Context: Using Shared Shader Library Global
[2021.11.16-15.40.23:509][  0]LogTemp: Warning: Clearing the OS Cache
[2021.11.16-15.40.23:523][  0]LogPakFile: New pak file ../../../unshooter1/Content/Paks/unshooter1-WindowsNoEditor.pak added to pak precacher.
[2021.11.16-15.40.23:544][  0]LogSlate: Using FreeType 2.10.0
[2021.11.16-15.40.23:622][  0]LogSlate: SlateFontServices - WITH_FREETYPE: 1, WITH_HARFBUZZ: 1
[2021.11.16-15.40.23:734][  0]LogShaderLibrary: Display: Using ../../../unshooter1/Content/ShaderArchive-unshooter1-PCD3D_SM5.ushaderbytecode for material shader code. Total 2383 unique shaders.
[2021.11.16-15.40.23:734][  0]LogShaderLibrary: Display: Cooked Context: Using Shared Shader Library unshooter1
[2021.11.16-15.40.23:734][  0]LogRHI: Display: Opened pipeline cache after state change and enqueued 0 of 0 tasks for precompile.
[2021.11.16-15.40.23:734][  0]LogRHI: Display: Failed to open default shader pipeline cache for unshooter1 using shader platform 0.
[2021.11.16-15.40.23:734][  0]LogRHI: Display: Failed to open default shader pipeline cache for unshooter1 using shader platform 0.
[2021.11.16-15.40.23:734][  0]LogInit: Using OS detected language (es-ES).
[2021.11.16-15.40.23:734][  0]LogInit: Using OS detected locale (es-ES).
[2021.11.16-15.40.23:735][  0]LogTextLocalizationManager: No localization for 'es-ES' exists, so 'en' will be used for the language.
[2021.11.16-15.40.23:735][  0]LogTextLocalizationManager: No localization for 'es-ES' exists, so 'en' will be used for the locale.
[2021.11.16-15.40.23:736][  0]LogTextLocalizationManager: Compacting localization data took   0.88ms
[2021.11.16-15.40.23:745][  0]LogAssetRegistry: FAssetRegistry took 0.0080 seconds to start up
[2021.11.16-15.40.23:860][  0]LogStreaming: Display: Flushing async loaders.
[2021.11.16-15.40.23:861][  0]LogPackageLocalizationCache: Processed 18 localized package path(s) for 1 prioritized culture(s) in 0.000109 seconds
[2021.11.16-15.40.23:880][  0]LogInit: Selected Device Profile: [WindowsNoEditor]
[2021.11.16-15.40.23:930][  0]LogNetVersion: unshooter1 1.0.0, NetCL: 13144385, EngineNetVer: 14, GameNetVer: 0 (Checksum: 4040099942)
[2021.11.16-15.40.24:204][  0]LogAudioCaptureCore: Display: No Audio Capture implementations found. Audio input will be silent.
[2021.11.16-15.40.24:204][  0]LogAudioCaptureCore: Display: No Audio Capture implementations found. Audio input will be silent.
[2021.11.16-15.40.24:265][  0]LogAISub: UAISubsystem::UAISubsystem AISubsystem (000001CC47FA8580), frame # 0
[2021.11.16-15.40.24:265][  0]LogAISub: UAISubsystem::UAISubsystem AIPerceptionSystem (000001CC4465DBC0), frame # 0
[2021.11.16-15.40.24:266][  0]LogAISub: UAISubsystem::UAISubsystem EnvQueryManager (000001CC48A12200), frame # 0
[2021.11.16-15.40.24:317][  0]LogMoviePlayer: Initializing movie player
[2021.11.16-15.40.24:321][  0]LogAndroidPermission: UAndroidPermissionCallbackProxy::GetInstance
[2021.11.16-15.40.24:321][  0]LogOcInput: OculusInput pre-init called
[2021.11.16-15.40.24:328][  0]LogUObjectArray: 14209 objects as part of root set at end of initial load.
[2021.11.16-15.40.24:328][  0]LogUObjectArray: 2 objects are not in the root set, but can never be destroyed because they are in the DisregardForGC set.
[2021.11.16-15.40.24:328][  0]LogUObjectAllocator: 2870488 out of 0 bytes used by permanent object pool.
[2021.11.16-15.40.24:328][  0]LogUObjectArray: CloseDisregardForGC: 14209/14209 objects in disregard for GC pool
[2021.11.16-15.40.24:328][  0]LogEngine: Initializing Engine...
[2021.11.16-15.40.24:329][  0]LogHMD: Failed to initialize OpenVR with code 110
[2021.11.16-15.40.24:330][  0]LogStats: UGameplayTagsManager::InitializeManager -  0.000 s
[2021.11.16-15.40.24:678][  0]LogPakFile: Precache HighWater 16MB

[2021.11.16-15.40.24:678][  0]LogPakFile: Precache HighWater 32MB

[2021.11.16-15.40.24:678][  0]LogInit: Initializing FReadOnlyCVARCache
[2021.11.16-15.40.24:678][  0]LogAudioMixer: Display: Audio Mixer Platform Settings:
[2021.11.16-15.40.24:678][  0]LogAudioMixer: Display: 	Sample Rate:						  48000
[2021.11.16-15.40.24:678][  0]LogAudioMixer: Display: 	Callback Buffer Frame Size Requested: 1024
[2021.11.16-15.40.24:678][  0]LogAudioMixer: Display: 	Callback Buffer Frame Size To Use:	  1024
[2021.11.16-15.40.24:678][  0]LogAudioMixer: Display: 	Number of buffers to queue:			  2
[2021.11.16-15.40.24:678][  0]LogAudioMixer: Display: 	Max Channels (voices):				  32
[2021.11.16-15.40.24:678][  0]LogAudioMixer: Display: 	Number of Async Source Workers:		  0
[2021.11.16-15.40.24:678][  0]LogAudio: Display: AudioDevice MaxSources: 32
[2021.11.16-15.40.24:679][  0]LogAudio: Display: Using built-in audio occlusion.
[2021.11.16-15.40.24:679][  0]LogAudioMixer: Display: Initializing audio mixer.
[2021.11.16-15.40.24:791][  0]LogAudioDebug: Display: Lib vorbis DLL was dynamically loaded.
[2021.11.16-15.40.24:817][  0]LogAudioMixer: Display: 0: FrontLeft
[2021.11.16-15.40.24:817][  0]LogAudioMixer: Display: 1: FrontRight
[2021.11.16-15.40.24:918][  0]LogAudioMixer: Display: Using Audio Device Altavoces (Realtek High Definition Audio)
[2021.11.16-15.40.24:919][  0]LogAudioMixer: Display: Initializing Sound Submixes...
[2021.11.16-15.40.24:919][  0]LogAudioMixer: Display: Creating Master Submix 'MasterSubmixDefault'
[2021.11.16-15.40.24:920][  0]LogAudioMixer: Display: Creating Master Submix 'MasterReverbSubmixDefault'
[2021.11.16-15.40.24:921][  0]LogAudioMixer: Display: Creating Master Submix 'MasterEQSubmixDefault'
[2021.11.16-15.40.24:921][  0]LogInit: FAudioDevice initialized.
[2021.11.16-15.40.24:922][  0]LogNetVersion: Set ProjectVersion to 1.0.0.0. Version Checksum will be recalculated on next use.
[2021.11.16-15.40.24:922][  0]LogInit: Texture streaming: Enabled
[2021.11.16-15.40.24:948][  0]LogSlate: Updating window title bar state: overlay mode, drag disabled, window buttons hidden, title bar hidden
[2021.11.16-15.40.24:949][  0]LogInit: Display: Game Engine Initialized.
[2021.11.16-15.40.24:950][  0]LogInit: Display: Starting Game.
[2021.11.16-15.40.24:950][  0]LogNet: Browse: /Game/FirstPersonBP/Maps/FirstPersonExampleMap?Name=Player
[2021.11.16-15.40.24:950][  0]LogLoad: LoadMap: /Game/FirstPersonBP/Maps/FirstPersonExampleMap?Name=Player
[2021.11.16-15.40.24:950][  0]LogWorld: BeginTearingDown for /Temp/Untitled_0
[2021.11.16-15.40.24:951][  0]LogWorld: UWorld::CleanupWorld for Untitled, bSessionEnded=true, bCleanupResources=true
[2021.11.16-15.40.24:952][  0]LogSlate: InvalidateAllWidgets triggered.  All widgets were invalidated
[2021.11.16-15.40.24:956][  0]LogUObjectHash: Compacting FUObjectHashTables data took   1.39ms
[2021.11.16-15.40.25:373][  0]LogAIModule: Creating AISystem for world FirstPersonExampleMap
[2021.11.16-15.40.25:373][  0]LogAISub: UAISubsystem::UAISubsystem EnvQueryManager (000001CC45703200), frame # 0
[2021.11.16-15.40.25:373][  0]LogAISub: UAISubsystem::UAISubsystem AIPerceptionSystem (000001CC2379E5C0), frame # 0
[2021.11.16-15.40.25:374][  0]LogLoad: Game class is 'FirstPersonGameMode_C'
[2021.11.16-15.40.25:379][  0]LogWorld: Bringing World /Game/FirstPersonBP/Maps/FirstPersonExampleMap.FirstPersonExampleMap up for play (max tick rate 0) at 2021.11.16-12.40.25
[2021.11.16-15.40.25:380][  0]LogWorld: Bringing up level for play took: 0.004816
[2021.11.16-15.40.25:384][  0]LogUMG: Display: Widget Class ContadorFPS_C - Loaded Fast Template.
[2021.11.16-15.40.25:386][  0]LogLoad: Took 0.435809 seconds to LoadMap(/Game/FirstPersonBP/Maps/FirstPersonExampleMap)
[2021.11.16-15.40.25:389][  0]LogSlate: Took 0.003039 seconds to synchronously load lazily loaded font '../../../Engine/Content/EngineFonts/Faces/RobotoBold.ufont' (160K)
[2021.11.16-15.40.25:433][  0]LogRHI: Display: ShaderPipelineCache: Paused Batching. 1
[2021.11.16-15.40.25:433][  0]LogRHI: Display: ShaderPipelineCache: Resumed Batching. 0
[2021.11.16-15.40.25:433][  0]LogRHI: Display: ShaderPipelineCache: Batching Resumed.
[2021.11.16-15.40.25:433][  0]LogLoad: (Engine Initialization) Total time: 3.42 seconds
[2021.11.16-15.40.25:495][  0]LogRenderer: Reallocating scene render targets to support 1920x1080 Format 10 NumSamples 1 (Frame:1).
[2021.11.16-15.40.25:538][  0]LogContentStreaming: Texture pool size now 1000 MB
[2021.11.16-15.40.25:901][  2]LogRenderer: Reallocating scene render targets to support 128x128 Format 10 NumSamples 1 (Frame:1).
[2021.11.16-15.40.26:038][  2]LogRenderer: Reallocating scene render targets to support 1920x1080 Format 10 NumSamples 1 (Frame:2).
[2021.11.16-15.40.36:209][945]LogSpawn: Warning: SpawnActor failed because of collision at the spawn location [X=1160.074 Y=196.038 Z=269.761] for [FirstPersonProjectile_C]
[2021.11.16-15.40.45:739][863]LogSpawn: Warning: SpawnActor failed because of collision at the spawn location [X=-937.614 Y=-145.194 Z=151.362] for [FirstPersonProjectile_C]
[2021.11.16-15.40.45:882][877]LogSpawn: Warning: SpawnActor failed because of collision at the spawn location [X=-915.902 Y=-202.421 Z=150.157] for [FirstPersonProjectile_C]
[2021.11.16-15.40.46:068][895]LogSpawn: Warning: SpawnActor failed because of collision at the spawn location [X=-820.851 Y=-262.779 Z=149.459] for [FirstPersonProjectile_C]
[2021.11.16-15.40.49:232][196]LogSpawn: Warning: SpawnActor failed because of collision at the spawn location [X=858.572 Y=-1087.238 Z=334.437] for [FirstPersonProjectile_C]
[2021.11.16-15.40.52:069][462]LogSpawn: Warning: SpawnActor failed because of collision at the spawn location [X=903.622 Y=-1246.588 Z=344.337] for [FirstPersonProjectile_C]
[2021.11.16-15.40.53:847][628]LogUMG: Display: Widget Class menupausaWidget_C - Loaded Fast Template.
[2021.11.16-15.41.10:027][164]LogSpawn: Warning: SpawnActor failed because of collision at the spawn location [X=-1961.981 Y=1641.740 Z=244.918] for [FirstPersonProjectile_C]
[2021.11.16-15.41.10:198][179]LogSpawn: Warning: SpawnActor failed because of collision at the spawn location [X=-1961.767 Y=1644.735 Z=243.532] for [FirstPersonProjectile_C]
[2021.11.16-15.41.10:336][191]LogSpawn: Warning: SpawnActor failed because of collision at the spawn location [X=-1962.673 Y=1645.093 Z=243.650] for [FirstPersonProjectile_C]
[2021.11.16-15.41.10:485][204]LogSpawn: Warning: SpawnActor failed because of collision at the spawn location [X=-1959.616 Y=1646.246 Z=239.782] for [FirstPersonProjectile_C]
[2021.11.16-15.41.10:658][219]LogSpawn: Warning: SpawnActor failed because of collision at the spawn location [X=-1954.136 Y=1666.817 Z=212.653] for [FirstPersonProjectile_C]
[2021.11.16-15.41.10:829][234]LogSpawn: Warning: SpawnActor failed because of collision at the spawn location [X=-1969.385 Y=1711.042 Z=169.004] for [FirstPersonProjectile_C]
[2021.11.16-15.41.10:997][249]LogSpawn: Warning: SpawnActor failed because of collision at the spawn location [X=-1968.747 Y=1725.458 Z=158.732] for [FirstPersonProjectile_C]
[2021.11.16-15.41.11:188][266]LogSpawn: Warning: SpawnActor failed because of collision at the spawn location [X=-1954.464 Y=1717.000 Z=159.867] for [FirstPersonProjectile_C]
[2021.11.16-15.41.11:364][282]LogSpawn: Warning: SpawnActor failed because of collision at the spawn location [X=-1955.224 Y=1715.916 Z=158.989] for [FirstPersonProjectile_C]
[2021.11.16-15.41.11:584][302]LogSpawn: Warning: SpawnActor failed because of collision at the spawn location [X=-1950.254 Y=1707.945 Z=186.909] for [FirstPersonProjectile_C]
[2021.11.16-15.41.57:229][678]LogSpawn: Warning: SpawnActor failed because of collision at the spawn location [X=-2093.668 Y=-1737.944 Z=268.803] for [FirstPersonProjectile_C]
[2021.11.16-15.41.57:452][697]LogSpawn: Warning: SpawnActor failed because of collision at the spawn location [X=-2091.394 Y=-1765.833 Z=261.580] for [FirstPersonProjectile_C]
[2021.11.16-15.41.57:592][709]LogSpawn: Warning: SpawnActor failed because of collision at the spawn location [X=-2087.787 Y=-1769.351 Z=242.119] for [FirstPersonProjectile_C]
[2021.11.16-15.41.58:403][780]LogSpawn: Warning: SpawnActor failed because of collision at the spawn location [X=-2027.670 Y=-1748.894 Z=210.280] for [FirstPersonProjectile_C]
[2021.11.16-15.42.03:825][273]LogSpawn: Warning: SpawnActor failed because of collision at the spawn location [X=-1188.405 Y=-1790.156 Z=160.175] for [FirstPersonProjectile_C]
[2021.11.16-15.42.03:859][276]LogSpawn: Warning: SpawnActor failed because of collision at the spawn location [X=-1189.238 Y=-1798.630 Z=160.329] for [FirstPersonProjectile_C]
[2021.11.16-15.42.04:003][289]LogSpawn: Warning: SpawnActor failed because of collision at the spawn location [X=-1163.305 Y=-1792.356 Z=159.844] for [FirstPersonProjectile_C]
[2021.11.16-15.42.12:175][ 56]LogSpawn: Warning: SpawnActor failed because of collision at the spawn location [X=-1264.520 Y=1383.075 Z=284.563] for [FirstPersonProjectile_C]
[2021.11.16-15.42.21:465][912]LogSpawn: Warning: SpawnActor failed because of collision at the spawn location [X=-1816.081 Y=-490.642 Z=212.197] for [FirstPersonProjectile_C]
[2021.11.16-15.42.29:048][613]LogSpawn: Warning: SpawnActor failed because of collision at the spawn location [X=-1254.749 Y=-1727.340 Z=250.011] for [FirstPersonProjectile_C]
[2021.11.16-15.42.29:229][629]LogSpawn: Warning: SpawnActor failed because of collision at the spawn location [X=-1259.786 Y=-1735.786 Z=249.533] for [FirstPersonProjectile_C]
[2021.11.16-15.42.29:600][662]LogSpawn: Warning: SpawnActor failed because of collision at the spawn location [X=-1283.000 Y=-1654.583 Z=187.462] for [FirstPersonProjectile_C]
[2021.11.16-15.42.29:771][677]LogSpawn: Warning: SpawnActor failed because of collision at the spawn location [X=-1288.196 Y=-1616.218 Z=193.798] for [FirstPersonProjectile_C]
[2021.11.16-15.42.29:972][695]LogSpawn: Warning: SpawnActor failed because of collision at the spawn location [X=-1321.721 Y=-1598.168 Z=176.820] for [FirstPersonProjectile_C]
[2021.11.16-15.42.30:171][713]LogSpawn: Warning: SpawnActor failed because of collision at the spawn location [X=-1329.479 Y=-1567.447 Z=164.209] for [FirstPersonProjectile_C]
[2021.11.16-15.43.07:018][275]LogSpawn: Warning: SpawnActor failed because of collision at the spawn location [X=992.750 Y=1691.148 Z=274.088] for [FirstPersonProjectile_C]
[2021.11.16-15.43.07:796][349]LogSpawn: Warning: SpawnActor failed because of collision at the spawn location [X=1054.707 Y=1617.314 Z=270.109] for [FirstPersonProjectile_C]
[2021.11.16-15.43.08:045][372]LogSpawn: Warning: SpawnActor failed because of collision at the spawn location [X=1174.677 Y=1605.914 Z=273.072] for [FirstPersonProjectile_C]
[2021.11.16-15.43.08:142][381]LogSpawn: Warning: SpawnActor failed because of collision at the spawn location [X=1221.912 Y=1610.635 Z=274.134] for [FirstPersonProjectile_C]
[2021.11.16-15.43.16:931][210]LogScript: Warning: Accessed None trying to read property CallFunc_Create_ReturnValue
	FirstPersonCharacter_C /Game/FirstPersonBP/Maps/FirstPersonExampleMap.FirstPersonExampleMap:PersistentLevel.FirstPersonCharacter_C_1
	Function /Game/FirstPersonBP/Blueprints/FirstPersonCharacter.FirstPersonCharacter_C:ExecuteUbergraph_FirstPersonCharacter:0257
[2021.11.16-15.43.16:931][210]LogScript: Warning: Script call stack:
	Function /Game/FirstPersonBP/Blueprints/FirstPersonCharacter.FirstPersonCharacter_C:InpActEvt_Escape_K2Node_InputKeyEvent_0
	Function /Game/FirstPersonBP/Blueprints/FirstPersonCharacter.FirstPersonCharacter_C:ExecuteUbergraph_FirstPersonCharacter

[2021.11.16-15.43.24:575][960]Closing by request
[2021.11.16-15.43.24:575][960]LogWindows: FPlatformMisc::RequestExit(0)
[2021.11.16-15.43.24:575][960]LogCore: Engine exit requested (reason: Win RequestExit)
[2021.11.16-15.43.24:585][961]LogCore: Engine exit requested (reason: EngineExit() was called; note: exit was already requested)
[2021.11.16-15.43.24:586][961]LogAudio: Display: Shutting down audio device while 2 references to it are still alive. For more information, compile with INSTRUMENT_AUDIODEVICE_HANDLES.
[2021.11.16-15.43.24:634][961]LogInit: Display: PreExit Game.
[2021.11.16-15.43.24:661][961]LogWorld: BeginTearingDown for /Game/FirstPersonBP/Maps/FirstPersonExampleMap
[2021.11.16-15.43.24:662][961]LogWorld: UWorld::CleanupWorld for FirstPersonExampleMap, bSessionEnded=true, bCleanupResources=true
[2021.11.16-15.43.24:662][961]LogSlate: InvalidateAllWidgets triggered.  All widgets were invalidated
[2021.11.16-15.43.25:427][961]LogSlate: Request Window 'unshooter1 (64-bit Development PCD3D_SM5) ' being destroyed
[2021.11.16-15.43.25:435][961]LogSlate: Window 'unshooter1 (64-bit Development PCD3D_SM5) ' being destroyed
[2021.11.16-15.43.25:436][961]LogWindowsTextInputMethodSystem: Display: IME system now deactivated.
[2021.11.16-15.43.25:502][961]LogExit: Preparing to exit.
[2021.11.16-15.43.25:502][961]LogMoviePlayer: Shutting down movie player
[2021.11.16-15.43.25:506][961]LogSlate: Updating window title bar state: overlay mode, drag disabled, window buttons hidden, title bar hidden
[2021.11.16-15.43.25:509][961]LogDemo: Cleaned up 0 splitscreen connections with owner deletion
[2021.11.16-15.43.25:511][961]LogExit: Game engine shut down
[2021.11.16-15.43.25:517][961]LogAISub: UAISubsystem::~UAISubsystem AISubsystem (000001CC47FA8580), frame # 16961
[2021.11.16-15.43.25:517][961]LogAISub: UAISubsystem::~UAISubsystem AIPerceptionSystem (000001CC4465DBC0), frame # 16961
[2021.11.16-15.43.25:518][961]LogAISub: UAISubsystem::~UAISubsystem EnvQueryManager (000001CC48A12200), frame # 16961
[2021.11.16-15.43.25:520][961]LogAISub: UAISubsystem::~UAISubsystem EnvQueryManager (000001CC45703200), frame # 16961
[2021.11.16-15.43.25:520][961]LogAISub: UAISubsystem::~UAISubsystem AIPerceptionSystem (000001CC2379E5C0), frame # 16961
[2021.11.16-15.43.25:540][961]LogExit: Object subsystem successfully closed.
[2021.11.16-15.43.25:680][961]LogModuleManager: Shutting down and abandoning module AutomationController (316)
[2021.11.16-15.43.25:680][961]LogModuleManager: Shutting down and abandoning module AutomationWorker (314)
[2021.11.16-15.43.25:680][961]LogModuleManager: Shutting down and abandoning module Voice (312)
[2021.11.16-15.43.25:680][961]LogModuleManager: Shutting down and abandoning module AIModule (310)
[2021.11.16-15.43.25:680][961]LogModuleManager: Shutting down and abandoning module GameplayDebugger (309)
[2021.11.16-15.43.25:680][961]LogModuleManager: Shutting down and abandoning module NavigationSystem (307)
[2021.11.16-15.43.25:680][961]LogModuleManager: Shutting down and abandoning module WebMMediaFactory (304)
[2021.11.16-15.43.25:680][961]LogModuleManager: Shutting down and abandoning module WebMMedia (302)
[2021.11.16-15.43.25:680][961]LogModuleManager: Shutting down and abandoning module OculusMR (300)
[2021.11.16-15.43.25:680][961]LogModuleManager: Shutting down and abandoning module WmfMediaFactory (298)
[2021.11.16-15.43.25:680][961]LogModuleManager: Shutting down and abandoning module OpenExrWrapper (296)
[2021.11.16-15.43.25:680][961]LogModuleManager: Shutting down and abandoning module ImgMediaFactory (294)
[2021.11.16-15.43.25:680][961]LogModuleManager: Shutting down and abandoning module AvfMediaFactory (292)
[2021.11.16-15.43.25:680][961]LogModuleManager: Shutting down and abandoning module CharacterAI (290)
[2021.11.16-15.43.25:680][961]LogModuleManager: Shutting down and abandoning module PlanarCut (288)
[2021.11.16-15.43.25:680][961]LogModuleManager: Shutting down and abandoning module SessionServices (286)
[2021.11.16-15.43.25:680][961]LogModuleManager: Shutting down and abandoning module LiveCoding (284)
[2021.11.16-15.43.25:681][961]LogModuleManager: Shutting down and abandoning module LevelSequence (282)
[2021.11.16-15.43.25:681][961]LogModuleManager: Shutting down and abandoning module MovieSceneTracks (280)
[2021.11.16-15.43.25:681][961]LogModuleManager: Shutting down and abandoning module MovieScene (278)
[2021.11.16-15.43.25:681][961]LogModuleManager: Shutting down and abandoning module StreamingPauseRendering (276)
[2021.11.16-15.43.25:681][961]LogModuleManager: Shutting down and abandoning module AudioMixerXAudio2 (274)
[2021.11.16-15.43.25:681][961]LogModuleManager: Shutting down and abandoning module AudioMixerCore (273)
[2021.11.16-15.43.25:681][961]LogModuleManager: Shutting down and abandoning module ImageWriteQueue (270)
[2021.11.16-15.43.25:681][961]LogModuleManager: Shutting down and abandoning module ProfilerService (268)
[2021.11.16-15.43.25:711][961]LogModuleManager: Shutting down and abandoning module TaskGraph (266)
[2021.11.16-15.43.25:711][961]LogModuleManager: Shutting down and abandoning module Synthesis (264)
[2021.11.16-15.43.25:711][961]LogModuleManager: Shutting down and abandoning module OculusInput (262)
[2021.11.16-15.43.25:711][961]LogModuleManager: Shutting down and abandoning module MobilePatchingUtils (260)
[2021.11.16-15.43.25:711][961]LogModuleManager: Shutting down and abandoning module GooglePAD (258)
[2021.11.16-15.43.25:711][961]LogModuleManager: Shutting down and abandoning module CustomMeshComponent (256)
[2021.11.16-15.43.25:711][961]LogModuleManager: Shutting down and abandoning module CableComponent (254)
[2021.11.16-15.43.25:711][961]LogModuleManager: Shutting down and abandoning module AudioCapture (252)
[2021.11.16-15.43.25:711][961]LogModuleManager: Shutting down and abandoning module AudioCaptureRtAudio (251)
[2021.11.16-15.43.25:711][961]LogModuleManager: Shutting down and abandoning module AssetTags (248)
[2021.11.16-15.43.25:711][961]LogModuleManager: Shutting down and abandoning module ArchVisCharacter (246)
[2021.11.16-15.43.25:711][961]LogModuleManager: Shutting down and abandoning module AppleImageUtils (244)
[2021.11.16-15.43.25:711][961]LogModuleManager: Shutting down and abandoning module AndroidPermission (242)
[2021.11.16-15.43.25:711][961]LogModuleManager: Shutting down and abandoning module TemplateSequence (240)
[2021.11.16-15.43.25:711][961]LogModuleManager: Shutting down and abandoning module MediaCompositing (238)
[2021.11.16-15.43.25:711][961]LogModuleManager: Shutting down and abandoning module ImgMedia (236)
[2021.11.16-15.43.25:711][961]LogModuleManager: Shutting down and abandoning module MagicLeapLightEstimation (234)
[2021.11.16-15.43.25:711][961]LogModuleManager: Shutting down and abandoning module MagicLeapHelperVulkan (232)
[2021.11.16-15.43.25:711][961]LogModuleManager: Shutting down and abandoning module MagicLeapHelperOpenGL (230)
[2021.11.16-15.43.25:711][961]LogModuleManager: Shutting down and abandoning module MagicLeapAudio (228)
[2021.11.16-15.43.25:711][961]LogModuleManager: Shutting down and abandoning module MagicLeapSharedWorld (226)
[2021.11.16-15.43.25:711][961]LogModuleManager: Shutting down and abandoning module ChaosNiagara (224)
[2021.11.16-15.43.25:711][961]LogModuleManager: Shutting down and abandoning module ProceduralMeshComponent (222)
[2021.11.16-15.43.25:711][961]LogModuleManager: Shutting down and abandoning module GeometryCollectionTracks (220)
[2021.11.16-15.43.25:711][961]LogModuleManager: Shutting down and abandoning module EditableMesh (218)
[2021.11.16-15.43.25:711][961]LogModuleManager: Shutting down and abandoning module MeshSolverUtilities (216)
[2021.11.16-15.43.25:711][961]LogModuleManager: Shutting down and abandoning module MeshConversion (214)
[2021.11.16-15.43.25:711][961]LogModuleManager: Shutting down and abandoning module DynamicMesh (212)
[2021.11.16-15.43.25:711][961]LogModuleManager: Shutting down and abandoning module GeometryAlgorithms (210)
[2021.11.16-15.43.25:711][961]LogModuleManager: Shutting down and abandoning module GeometricObjects (208)
[2021.11.16-15.43.25:711][961]LogModuleManager: Shutting down and abandoning module ChaosCloth (206)
[2021.11.16-15.43.25:711][961]LogModuleManager: Shutting down and abandoning module BackChannel (204)
[2021.11.16-15.43.25:711][961]LogModuleManager: Shutting down and abandoning module AutomationUtils (202)
[2021.11.16-15.43.25:712][961]LogModuleManager: Shutting down and abandoning module GeometryCacheTracks (200)
[2021.11.16-15.43.25:712][961]LogModuleManager: Shutting down and abandoning module GeometryCache (198)
[2021.11.16-15.43.25:712][961]LogModuleManager: Shutting down and abandoning module UObjectPlugin (196)
[2021.11.16-15.43.25:712][961]LogModuleManager: Shutting down and abandoning module SoundFields (194)
[2021.11.16-15.43.25:712][961]LogModuleManager: Shutting down and abandoning module RuntimePhysXCooking (192)
[2021.11.16-15.43.25:712][961]LogModuleManager: Shutting down and abandoning module LocationServicesBPLibrary (188)
[2021.11.16-15.43.25:712][961]LogModuleManager: Shutting down and abandoning module ActorSequence (186)
[2021.11.16-15.43.25:712][961]LogModuleManager: Shutting down and abandoning module UdpMessaging (184)
[2021.11.16-15.43.25:712][961]LogModuleManager: Shutting down and abandoning module TcpMessaging (182)
[2021.11.16-15.43.25:712][961]LogModuleManager: Shutting down and abandoning module MagicLeapHandMeshing (180)
[2021.11.16-15.43.25:712][961]LogModuleManager: Shutting down and abandoning module MagicLeapSecureStorage (178)
[2021.11.16-15.43.25:712][961]LogModuleManager: Shutting down and abandoning module MagicLeapPrivileges (176)
[2021.11.16-15.43.25:712][961]LogModuleManager: Shutting down and abandoning module MagicLeapPlanes (174)
[2021.11.16-15.43.25:712][961]LogModuleManager: Shutting down and abandoning module MagicLeapImageTracker (172)
[2021.11.16-15.43.25:712][961]LogModuleManager: Shutting down and abandoning module MagicLeapIdentity (170)
[2021.11.16-15.43.25:712][961]LogModuleManager: Shutting down and abandoning module MagicLeapHandTracking (168)
[2021.11.16-15.43.25:712][961]LogModuleManager: Shutting down and abandoning module MagicLeapEyeTracker (166)
[2021.11.16-15.43.25:712][961]LogModuleManager: Shutting down and abandoning module MagicLeapController (164)
[2021.11.16-15.43.25:712][961]LogSlate: Slate User Destroyed.  User Index 0, Is Virtual User: 0
[2021.11.16-15.43.25:712][961]LogModuleManager: Shutting down and abandoning module MagicLeapARPinImpl (162)
[2021.11.16-15.43.25:712][961]LogModuleManager: Shutting down and abandoning module MagicLeapAR (160)
[2021.11.16-15.43.25:712][961]LogModuleManager: Shutting down and abandoning module AugmentedReality (159)
[2021.11.16-15.43.25:712][961]LogModuleManager: Shutting down and abandoning module MagicLeapARPin (156)
[2021.11.16-15.43.25:712][961]LogModuleManager: Shutting down and abandoning module NiagaraAnimNotifies (154)
[2021.11.16-15.43.25:712][961]LogModuleManager: Shutting down and abandoning module Niagara (152)
[2021.11.16-15.43.25:712][961]LogModuleManager: Shutting down and abandoning module SignalProcessing (151)
[2021.11.16-15.43.25:712][961]LogModuleManager: Shutting down and abandoning module NiagaraCore (148)
[2021.11.16-15.43.25:712][961]LogModuleManager: Shutting down and abandoning module FacialAnimation (146)
[2021.11.16-15.43.25:712][961]LogModuleManager: Shutting down and abandoning module SignificanceManager (144)
[2021.11.16-15.43.25:712][961]LogModuleManager: Shutting down and abandoning module AnimationSharing (142)
[2021.11.16-15.43.25:712][961]LogModuleManager: Shutting down and abandoning module LightPropagationVolumeRuntime (140)
[2021.11.16-15.43.25:712][961]LogModuleManager: Shutting down and abandoning module Paper2D (138)
[2021.11.16-15.43.25:712][961]LogModuleManager: Shutting down and abandoning module WindowsMoviePlayer (136)
[2021.11.16-15.43.25:712][961]LogModuleManager: Shutting down and abandoning module WebMMoviePlayer (134)
[2021.11.16-15.43.25:712][961]LogModuleManager: Shutting down and abandoning module NetworkReplayStreaming (132)
[2021.11.16-15.43.25:712][961]LogModuleManager: Shutting down and abandoning module PacketHandler (130)
[2021.11.16-15.43.25:712][961]LogModuleManager: Shutting down and abandoning module ClothingSystemRuntimeNv (128)
[2021.11.16-15.43.25:712][961]LogModuleManager: Shutting down and abandoning module MediaAssets (126)
[2021.11.16-15.43.25:712][961]LogModuleManager: Shutting down and abandoning module Overlay (124)
[2021.11.16-15.43.25:712][961]LogModuleManager: Shutting down and abandoning module FunctionalTesting (122)
[2021.11.16-15.43.25:712][961]LogModuleManager: Shutting down and abandoning module MessageLog (120)
[2021.11.16-15.43.25:712][961]LogModuleManager: Shutting down and abandoning module UMG (118)
[2021.11.16-15.43.25:712][961]LogModuleManager: Shutting down and abandoning module SlateReflector (116)
[2021.11.16-15.43.25:712][961]LogModuleManager: Shutting down and abandoning module Slate (114)
[2021.11.16-15.43.25:713][961]LogModuleManager: Shutting down and abandoning module SlateCore (112)
[2021.11.16-15.43.25:713][961]LogModuleManager: Shutting down and abandoning module MRMesh (110)
[2021.11.16-15.43.25:713][961]LogModuleManager: Shutting down and abandoning module Messaging (108)
[2021.11.16-15.43.25:713][961]LogModuleManager: Shutting down and abandoning module HeadMountedDisplay (106)
[2021.11.16-15.43.25:713][961]LogModuleManager: Shutting down and abandoning module XAudio2 (104)
[2021.11.16-15.43.25:713][961]LogModuleManager: Shutting down and abandoning module Networking (102)
[2021.11.16-15.43.25:713][961]LogModuleManager: Shutting down and abandoning module Core (100)
[2021.11.16-15.43.25:713][961]LogModuleManager: Shutting down and abandoning module ImageWrapper (96)
[2021.11.16-15.43.25:713][961]LogModuleManager: Shutting down and abandoning module InputCore (94)
[2021.11.16-15.43.25:713][961]LogModuleManager: Shutting down and abandoning module Settings (92)
[2021.11.16-15.43.25:713][961]LogModuleManager: Shutting down and abandoning module PhysXCooking (90)
[2021.11.16-15.43.25:713][961]LogModuleManager: Shutting down and abandoning module ChaosSolvers (88)
[2021.11.16-15.43.25:713][961]LogModuleManager: Shutting down and abandoning module FieldSystemEngine (87)
[2021.11.16-15.43.25:713][961]LogModuleManager: Shutting down and abandoning module Chaos (84)
[2021.11.16-15.43.25:713][961]LogModuleManager: Shutting down and abandoning module WindowsPlatformFeatures (82)
[2021.11.16-15.43.25:713][961]LogModuleManager: Shutting down and abandoning module GameplayMediaEncoder (81)
[2021.11.16-15.43.25:713][961]LogModuleManager: Shutting down and abandoning module AVEncoder (80)
[2021.11.16-15.43.25:713][961]LogModuleManager: Shutting down and abandoning module SteamVRInputDevice (76)
[2021.11.16-15.43.25:713][961]LogModuleManager: Shutting down and abandoning module SteamVRInput (74)
[2021.11.16-15.43.25:713][961]LogModuleManager: Shutting down and abandoning module SteamVR (72)
[2021.11.16-15.43.25:713][961]LogHMD: Freeing OpenVRDLLHandle.
[2021.11.16-15.43.25:713][961]LogModuleManager: Shutting down and abandoning module OculusHMD (70)
[2021.11.16-15.43.25:713][961]LogModuleManager: Shutting down and abandoning module ExampleDeviceProfileSelector (68)
[2021.11.16-15.43.25:713][961]LogModuleManager: Shutting down and abandoning module LauncherChunkInstaller (66)
[2021.11.16-15.43.25:713][961]LogModuleManager: Shutting down and abandoning module OnlineSubsystem (62)
[2021.11.16-15.43.25:713][961]LogModuleManager: Shutting down and abandoning module HTTP (57)
[2021.11.16-15.43.25:743][961]LogModuleManager: Shutting down and abandoning module SSL (56)
[2021.11.16-15.43.25:744][961]LogModuleManager: Shutting down and abandoning module WmfMedia (52)
[2021.11.16-15.43.25:744][961]LogModuleManager: Shutting down and abandoning module Media (51)
[2021.11.16-15.43.25:745][961]LogModuleManager: Shutting down and abandoning module MagicLeap (48)
[2021.11.16-15.43.25:745][961]LogModuleManager: Shutting down and abandoning module NiagaraVertexFactories (46)
[2021.11.16-15.43.25:745][961]LogModuleManager: Shutting down and abandoning module NiagaraShader (44)
[2021.11.16-15.43.25:745][961]LogModuleManager: Shutting down and abandoning module VariantManagerContent (42)
[2021.11.16-15.43.25:745][961]LogModuleManager: Shutting down and abandoning module DatasmithContent (40)
[2021.11.16-15.43.25:745][961]LogModuleManager: Shutting down and abandoning module AISupportModule (38)
[2021.11.16-15.43.25:745][961]LogModuleManager: Shutting down and abandoning module PlatformCryptoOpenSSL (36)
[2021.11.16-15.43.25:745][961]LogModuleManager: Shutting down and abandoning module PlatformCryptoTypes (34)
[2021.11.16-15.43.25:745][961]LogModuleManager: Shutting down and abandoning module PlatformCrypto (32)
[2021.11.16-15.43.25:745][961]LogModuleManager: Shutting down and abandoning module RenderCore (30)
[2021.11.16-15.43.25:745][961]LogModuleManager: Shutting down and abandoning module Landscape (28)
[2021.11.16-15.43.25:745][961]LogModuleManager: Shutting down and abandoning module SlateRHIRenderer (26)
[2021.11.16-15.43.25:746][961]LogModuleManager: Shutting down and abandoning module OpenGLDrv (24)
[2021.11.16-15.43.25:746][961]LogModuleManager: Shutting down and abandoning module D3D11RHI (22)
[2021.11.16-15.43.25:746][961]LogModuleManager: Shutting down and abandoning module AnimGraphRuntime (20)
[2021.11.16-15.43.25:746][961]LogModuleManager: Shutting down and abandoning module Renderer (18)
[2021.11.16-15.43.25:746][961]LogModuleManager: Shutting down and abandoning module Engine (16)
[2021.11.16-15.43.25:746][961]LogModuleManager: Shutting down and abandoning module CoreUObject (14)
[2021.11.16-15.43.25:746][961]LogModuleManager: Shutting down and abandoning module NetworkFile (12)
[2021.11.16-15.43.25:746][961]LogModuleManager: Shutting down and abandoning module CookedIterativeFile (10)
[2021.11.16-15.43.25:746][961]LogModuleManager: Shutting down and abandoning module StreamingFile (8)
[2021.11.16-15.43.25:746][961]LogModuleManager: Shutting down and abandoning module SandboxFile (6)
[2021.11.16-15.43.25:746][961]LogModuleManager: Shutting down and abandoning module PakFile (4)
[2021.11.16-15.43.25:747][961]LogModuleManager: Shutting down and abandoning module RSA (3)
[2021.11.16-15.43.25:747][961]LogContentStreaming: Display: There are 1 unreleased StreamingManagers
[2021.11.16-15.43.25:748][961]LogD3D11RHI: Shutdown
[2021.11.16-15.43.25:748][961]LogD3D11RHI: CleanupD3DDevice
[2021.11.16-15.43.25:752][961]LogExit: Exiting.
[2021.11.16-15.43.25:846][961]Log file closed, 11/16/21 12:43:25
